[0.016s] Invoking command in '/home/michel/ros2_ws/build/cpp_publisher': CMAKE_PREFIX_PATH=/opt/ros/humble /usr/bin/cmake --build /home/michel/ros2_ws/build/cpp_publisher -- -j16 -l16
[0.049s] [35m[1mConsolidate compiler generated dependencies of target talker[0m
[0.064s] [100%] Built target talker
[0.205s] Invoked command in '/home/michel/ros2_ws/build/cpp_publisher' returned '0': CMAKE_PREFIX_PATH=/opt/ros/humble /usr/bin/cmake --build /home/michel/ros2_ws/build/cpp_publisher -- -j16 -l16
[0.232s] Invoking command in '/home/michel/ros2_ws/build/cpp_publisher': CMAKE_PREFIX_PATH=/opt/ros/humble /usr/bin/cmake --install /home/michel/ros2_ws/build/cpp_publisher
[0.238s] -- Install configuration: ""
[0.238s] -- Up-to-date: /home/michel/ros2_ws/install/cpp_publisher/lib/cpp_publisher/talker
[0.239s] -- Up-to-date: /home/michel/ros2_ws/install/cpp_publisher/share/ament_index/resource_index/package_run_dependencies/cpp_publisher
[0.239s] -- Up-to-date: /home/michel/ros2_ws/install/cpp_publisher/share/ament_index/resource_index/parent_prefix_path/cpp_publisher
[0.239s] -- Up-to-date: /home/michel/ros2_ws/install/cpp_publisher/share/cpp_publisher/environment/ament_prefix_path.sh
[0.239s] -- Up-to-date: /home/michel/ros2_ws/install/cpp_publisher/share/cpp_publisher/environment/ament_prefix_path.dsv
[0.239s] -- Up-to-date: /home/michel/ros2_ws/install/cpp_publisher/share/cpp_publisher/environment/path.sh
[0.239s] -- Up-to-date: /home/michel/ros2_ws/install/cpp_publisher/share/cpp_publisher/environment/path.dsv
[0.239s] -- Up-to-date: /home/michel/ros2_ws/install/cpp_publisher/share/cpp_publisher/local_setup.bash
[0.239s] -- Up-to-date: /home/michel/ros2_ws/install/cpp_publisher/share/cpp_publisher/local_setup.sh
[0.239s] -- Up-to-date: /home/michel/ros2_ws/install/cpp_publisher/share/cpp_publisher/local_setup.zsh
[0.239s] -- Up-to-date: /home/michel/ros2_ws/install/cpp_publisher/share/cpp_publisher/local_setup.dsv
[0.240s] -- Installing: /home/michel/ros2_ws/install/cpp_publisher/share/cpp_publisher/package.dsv
[0.240s] -- Up-to-date: /home/michel/ros2_ws/install/cpp_publisher/share/ament_index/resource_index/packages/cpp_publisher
[0.240s] -- Up-to-date: /home/michel/ros2_ws/install/cpp_publisher/share/cpp_publisher/cmake/cpp_publisherConfig.cmake
[0.240s] -- Up-to-date: /home/michel/ros2_ws/install/cpp_publisher/share/cpp_publisher/cmake/cpp_publisherConfig-version.cmake
[0.240s] -- Up-to-date: /home/michel/ros2_ws/install/cpp_publisher/share/cpp_publisher/package.xml
[0.241s] Invoked command in '/home/michel/ros2_ws/build/cpp_publisher' returned '0': CMAKE_PREFIX_PATH=/opt/ros/humble /usr/bin/cmake --install /home/michel/ros2_ws/build/cpp_publisher
