[0.224s] DEBUG:colcon:Command line arguments: ['/usr/bin/colcon', 'build']
[0.224s] DEBUG:colcon:Parsed command line arguments: Namespace(log_base=None, log_level=None, verb_name='build', build_base='build', install_base='install', merge_install=False, symlink_install=False, test_result_base=None, continue_on_error=False, executor='parallel', parallel_workers=16, event_handlers=None, ignore_user_meta=False, metas=['./colcon.meta'], base_paths=['.'], packages_ignore=None, packages_ignore_regex=None, paths=None, packages_up_to=None, packages_up_to_regex=None, packages_above=None, packages_above_and_dependencies=None, packages_above_depth=None, packages_select_by_dep=None, packages_skip_by_dep=None, packages_skip_up_to=None, packages_select_build_failed=False, packages_skip_build_finished=False, packages_select_test_failures=False, packages_skip_test_passed=False, packages_select=None, packages_skip=None, packages_select_regex=None, packages_skip_regex=None, packages_start=None, packages_end=None, allow_overriding=[], cmake_args=None, cmake_target=None, cmake_target_skip_unavailable=False, cmake_clean_cache=False, cmake_clean_first=False, cmake_force_configure=False, ament_cmake_args=None, catkin_cmake_args=None, catkin_skip_building_tests=False, verb_parser=<colcon_defaults.argument_parser.defaults.DefaultArgumentsDecorator object at 0x7fa5bc7e86d0>, verb_extension=<colcon_core.verb.build.BuildVerb object at 0x7fa5bc70e620>, main=<bound method BuildVerb.main of <colcon_core.verb.build.BuildVerb object at 0x7fa5bc70e620>>)
[0.250s] Level 1:colcon.colcon_core.package_discovery:discover_packages(colcon_meta) check parameters
[0.251s] Level 1:colcon.colcon_core.package_discovery:discover_packages(recursive) check parameters
[0.251s] Level 1:colcon.colcon_core.package_discovery:discover_packages(ignore) check parameters
[0.251s] Level 1:colcon.colcon_core.package_discovery:discover_packages(path) check parameters
[0.251s] Level 1:colcon.colcon_core.package_discovery:discover_packages(colcon_meta) discover
[0.251s] Level 1:colcon.colcon_core.package_discovery:discover_packages(recursive) discover
[0.251s] INFO:colcon.colcon_core.package_discovery:Crawling recursively for packages in '/home/michel/ros2_ws'
[0.251s] Level 1:colcon.colcon_core.package_identification:_identify(.) by extensions ['ignore', 'ignore_ament_install']
[0.251s] Level 1:colcon.colcon_core.package_identification:_identify(.) by extension 'ignore'
[0.251s] Level 1:colcon.colcon_core.package_identification:_identify(.) by extension 'ignore_ament_install'
[0.251s] Level 1:colcon.colcon_core.package_identification:_identify(.) by extensions ['colcon_pkg']
[0.251s] Level 1:colcon.colcon_core.package_identification:_identify(.) by extension 'colcon_pkg'
[0.251s] Level 1:colcon.colcon_core.package_identification:_identify(.) by extensions ['colcon_meta']
[0.251s] Level 1:colcon.colcon_core.package_identification:_identify(.) by extension 'colcon_meta'
[0.251s] Level 1:colcon.colcon_core.package_identification:_identify(.) by extensions ['ros']
[0.251s] Level 1:colcon.colcon_core.package_identification:_identify(.) by extension 'ros'
[0.260s] Level 1:colcon.colcon_core.package_identification:_identify(.) by extensions ['cmake', 'python']
[0.260s] Level 1:colcon.colcon_core.package_identification:_identify(.) by extension 'cmake'
[0.260s] Level 1:colcon.colcon_core.package_identification:_identify(.) by extension 'python'
[0.260s] Level 1:colcon.colcon_core.package_identification:_identify(.) by extensions ['python_setup_py']
[0.260s] Level 1:colcon.colcon_core.package_identification:_identify(.) by extension 'python_setup_py'
[0.260s] Level 1:colcon.colcon_core.package_identification:_identify(build) by extensions ['ignore', 'ignore_ament_install']
[0.260s] Level 1:colcon.colcon_core.package_identification:_identify(build) by extension 'ignore'
[0.260s] Level 1:colcon.colcon_core.package_identification:_identify(build) ignored
[0.260s] Level 1:colcon.colcon_core.package_identification:_identify(install) by extensions ['ignore', 'ignore_ament_install']
[0.260s] Level 1:colcon.colcon_core.package_identification:_identify(install) by extension 'ignore'
[0.260s] Level 1:colcon.colcon_core.package_identification:_identify(install) ignored
[0.260s] Level 1:colcon.colcon_core.package_identification:_identify(log) by extensions ['ignore', 'ignore_ament_install']
[0.260s] Level 1:colcon.colcon_core.package_identification:_identify(log) by extension 'ignore'
[0.260s] Level 1:colcon.colcon_core.package_identification:_identify(log) ignored
[0.260s] Level 1:colcon.colcon_core.package_identification:_identify(src) by extensions ['ignore', 'ignore_ament_install']
[0.260s] Level 1:colcon.colcon_core.package_identification:_identify(src) by extension 'ignore'
[0.260s] Level 1:colcon.colcon_core.package_identification:_identify(src) by extension 'ignore_ament_install'
[0.261s] Level 1:colcon.colcon_core.package_identification:_identify(src) by extensions ['colcon_pkg']
[0.261s] Level 1:colcon.colcon_core.package_identification:_identify(src) by extension 'colcon_pkg'
[0.261s] Level 1:colcon.colcon_core.package_identification:_identify(src) by extensions ['colcon_meta']
[0.261s] Level 1:colcon.colcon_core.package_identification:_identify(src) by extension 'colcon_meta'
[0.261s] Level 1:colcon.colcon_core.package_identification:_identify(src) by extensions ['ros']
[0.261s] Level 1:colcon.colcon_core.package_identification:_identify(src) by extension 'ros'
[0.261s] Level 1:colcon.colcon_core.package_identification:_identify(src) by extensions ['cmake', 'python']
[0.261s] Level 1:colcon.colcon_core.package_identification:_identify(src) by extension 'cmake'
[0.261s] Level 1:colcon.colcon_core.package_identification:_identify(src) by extension 'python'
[0.261s] Level 1:colcon.colcon_core.package_identification:_identify(src) by extensions ['python_setup_py']
[0.261s] Level 1:colcon.colcon_core.package_identification:_identify(src) by extension 'python_setup_py'
[0.261s] Level 1:colcon.colcon_core.package_identification:_identify(src/cpp_publisher) by extensions ['ignore', 'ignore_ament_install']
[0.261s] Level 1:colcon.colcon_core.package_identification:_identify(src/cpp_publisher) by extension 'ignore'
[0.261s] Level 1:colcon.colcon_core.package_identification:_identify(src/cpp_publisher) by extension 'ignore_ament_install'
[0.261s] Level 1:colcon.colcon_core.package_identification:_identify(src/cpp_publisher) by extensions ['colcon_pkg']
[0.261s] Level 1:colcon.colcon_core.package_identification:_identify(src/cpp_publisher) by extension 'colcon_pkg'
[0.261s] Level 1:colcon.colcon_core.package_identification:_identify(src/cpp_publisher) by extensions ['colcon_meta']
[0.261s] Level 1:colcon.colcon_core.package_identification:_identify(src/cpp_publisher) by extension 'colcon_meta'
[0.261s] Level 1:colcon.colcon_core.package_identification:_identify(src/cpp_publisher) by extensions ['ros']
[0.261s] Level 1:colcon.colcon_core.package_identification:_identify(src/cpp_publisher) by extension 'ros'
[0.263s] DEBUG:colcon.colcon_core.package_identification:Package 'src/cpp_publisher' with type 'ros.ament_cmake' and name 'cpp_publisher'
[0.263s] Level 1:colcon.colcon_core.package_identification:_identify(src/py_subscriber) by extensions ['ignore', 'ignore_ament_install']
[0.263s] Level 1:colcon.colcon_core.package_identification:_identify(src/py_subscriber) by extension 'ignore'
[0.263s] Level 1:colcon.colcon_core.package_identification:_identify(src/py_subscriber) by extension 'ignore_ament_install'
[0.263s] Level 1:colcon.colcon_core.package_identification:_identify(src/py_subscriber) by extensions ['colcon_pkg']
[0.263s] Level 1:colcon.colcon_core.package_identification:_identify(src/py_subscriber) by extension 'colcon_pkg'
[0.263s] Level 1:colcon.colcon_core.package_identification:_identify(src/py_subscriber) by extensions ['colcon_meta']
[0.263s] Level 1:colcon.colcon_core.package_identification:_identify(src/py_subscriber) by extension 'colcon_meta'
[0.263s] Level 1:colcon.colcon_core.package_identification:_identify(src/py_subscriber) by extensions ['ros']
[0.263s] Level 1:colcon.colcon_core.package_identification:_identify(src/py_subscriber) by extension 'ros'
[0.264s] DEBUG:colcon.colcon_core.package_identification:Package 'src/py_subscriber' with type 'ros.ament_python' and name 'py_subscriber'
[0.264s] Level 1:colcon.colcon_core.package_discovery:discover_packages(recursive) using defaults
[0.264s] Level 1:colcon.colcon_core.package_discovery:discover_packages(ignore) discover
[0.264s] Level 1:colcon.colcon_core.package_discovery:discover_packages(ignore) using defaults
[0.264s] Level 1:colcon.colcon_core.package_discovery:discover_packages(path) discover
[0.264s] Level 1:colcon.colcon_core.package_discovery:discover_packages(path) using defaults
[0.281s] Level 1:colcon.colcon_core.package_discovery:discover_packages(prefix_path) check parameters
[0.281s] Level 1:colcon.colcon_core.package_discovery:discover_packages(prefix_path) discover
[0.283s] DEBUG:colcon.colcon_installed_package_information.package_discovery:Found 284 installed packages in /opt/ros/humble
[0.284s] Level 1:colcon.colcon_core.package_discovery:discover_packages(prefix_path) using defaults
[0.328s] Level 5:colcon.colcon_core.verb:set package 'cpp_publisher' build argument 'cmake_args' from command line to 'None'
[0.328s] Level 5:colcon.colcon_core.verb:set package 'cpp_publisher' build argument 'cmake_target' from command line to 'None'
[0.328s] Level 5:colcon.colcon_core.verb:set package 'cpp_publisher' build argument 'cmake_target_skip_unavailable' from command line to 'False'
[0.328s] Level 5:colcon.colcon_core.verb:set package 'cpp_publisher' build argument 'cmake_clean_cache' from command line to 'False'
[0.328s] Level 5:colcon.colcon_core.verb:set package 'cpp_publisher' build argument 'cmake_clean_first' from command line to 'False'
[0.328s] Level 5:colcon.colcon_core.verb:set package 'cpp_publisher' build argument 'cmake_force_configure' from command line to 'False'
[0.328s] Level 5:colcon.colcon_core.verb:set package 'cpp_publisher' build argument 'ament_cmake_args' from command line to 'None'
[0.328s] Level 5:colcon.colcon_core.verb:set package 'cpp_publisher' build argument 'catkin_cmake_args' from command line to 'None'
[0.328s] Level 5:colcon.colcon_core.verb:set package 'cpp_publisher' build argument 'catkin_skip_building_tests' from command line to 'False'
[0.328s] DEBUG:colcon.colcon_core.verb:Building package 'cpp_publisher' with the following arguments: {'ament_cmake_args': None, 'build_base': '/home/michel/ros2_ws/build/cpp_publisher', 'catkin_cmake_args': None, 'catkin_skip_building_tests': False, 'cmake_args': None, 'cmake_clean_cache': False, 'cmake_clean_first': False, 'cmake_force_configure': False, 'cmake_target': None, 'cmake_target_skip_unavailable': False, 'install_base': '/home/michel/ros2_ws/install/cpp_publisher', 'merge_install': False, 'path': '/home/michel/ros2_ws/src/cpp_publisher', 'symlink_install': False, 'test_result_base': None}
[0.329s] Level 5:colcon.colcon_core.verb:set package 'py_subscriber' build argument 'cmake_args' from command line to 'None'
[0.329s] Level 5:colcon.colcon_core.verb:set package 'py_subscriber' build argument 'cmake_target' from command line to 'None'
[0.329s] Level 5:colcon.colcon_core.verb:set package 'py_subscriber' build argument 'cmake_target_skip_unavailable' from command line to 'False'
[0.329s] Level 5:colcon.colcon_core.verb:set package 'py_subscriber' build argument 'cmake_clean_cache' from command line to 'False'
[0.329s] Level 5:colcon.colcon_core.verb:set package 'py_subscriber' build argument 'cmake_clean_first' from command line to 'False'
[0.329s] Level 5:colcon.colcon_core.verb:set package 'py_subscriber' build argument 'cmake_force_configure' from command line to 'False'
[0.329s] Level 5:colcon.colcon_core.verb:set package 'py_subscriber' build argument 'ament_cmake_args' from command line to 'None'
[0.329s] Level 5:colcon.colcon_core.verb:set package 'py_subscriber' build argument 'catkin_cmake_args' from command line to 'None'
[0.329s] Level 5:colcon.colcon_core.verb:set package 'py_subscriber' build argument 'catkin_skip_building_tests' from command line to 'False'
[0.329s] DEBUG:colcon.colcon_core.verb:Building package 'py_subscriber' with the following arguments: {'ament_cmake_args': None, 'build_base': '/home/michel/ros2_ws/build/py_subscriber', 'catkin_cmake_args': None, 'catkin_skip_building_tests': False, 'cmake_args': None, 'cmake_clean_cache': False, 'cmake_clean_first': False, 'cmake_force_configure': False, 'cmake_target': None, 'cmake_target_skip_unavailable': False, 'install_base': '/home/michel/ros2_ws/install/py_subscriber', 'merge_install': False, 'path': '/home/michel/ros2_ws/src/py_subscriber', 'symlink_install': False, 'test_result_base': None}
[0.329s] INFO:colcon.colcon_core.executor:Executing jobs using 'parallel' executor
[0.332s] DEBUG:colcon.colcon_parallel_executor.executor.parallel:run_until_complete
[0.332s] INFO:colcon.colcon_ros.task.ament_cmake.build:Building ROS package in '/home/michel/ros2_ws/src/cpp_publisher' with build type 'ament_cmake'
[0.332s] INFO:colcon.colcon_cmake.task.cmake.build:Building CMake package in '/home/michel/ros2_ws/src/cpp_publisher'
[0.335s] INFO:colcon.colcon_core.plugin_system:Skipping extension 'colcon_core.shell.bat': Not used on non-Windows systems
[0.336s] INFO:colcon.colcon_core.shell:Skip shell extension 'powershell' for command environment: Not usable outside of PowerShell
[0.336s] DEBUG:colcon.colcon_core.shell:Skip shell extension 'dsv' for command environment
[0.338s] INFO:colcon.colcon_ros.task.ament_python.build:Building ROS package in '/home/michel/ros2_ws/src/py_subscriber' with build type 'ament_python'
[0.339s] Level 1:colcon.colcon_core.shell:create_environment_hook('py_subscriber', 'ament_prefix_path')
[0.340s] INFO:colcon.colcon_core.shell:Creating environment hook '/home/michel/ros2_ws/install/py_subscriber/share/py_subscriber/hook/ament_prefix_path.ps1'
[0.340s] INFO:colcon.colcon_core.shell:Creating environment descriptor '/home/michel/ros2_ws/install/py_subscriber/share/py_subscriber/hook/ament_prefix_path.dsv'
[0.341s] INFO:colcon.colcon_core.shell:Creating environment hook '/home/michel/ros2_ws/install/py_subscriber/share/py_subscriber/hook/ament_prefix_path.sh'
[0.342s] INFO:colcon.colcon_core.shell:Skip shell extension 'powershell' for command environment: Not usable outside of PowerShell
[0.342s] DEBUG:colcon.colcon_core.shell:Skip shell extension 'dsv' for command environment
[0.349s] DEBUG:colcon.colcon_core.event_handler.log_command:Invoking command in '/home/michel/ros2_ws/build/cpp_publisher': CMAKE_PREFIX_PATH=/opt/ros/humble /usr/bin/cmake --build /home/michel/ros2_ws/build/cpp_publisher -- -j16 -l16
[0.533s] INFO:colcon.colcon_core.task.python.build:Building Python package in '/home/michel/ros2_ws/src/py_subscriber'
[0.534s] INFO:colcon.colcon_core.shell:Skip shell extension 'powershell' for command environment: Not usable outside of PowerShell
[0.534s] DEBUG:colcon.colcon_core.shell:Skip shell extension 'dsv' for command environment
[0.538s] DEBUG:colcon.colcon_core.event_handler.log_command:Invoked command in '/home/michel/ros2_ws/build/cpp_publisher' returned '0': CMAKE_PREFIX_PATH=/opt/ros/humble /usr/bin/cmake --build /home/michel/ros2_ws/build/cpp_publisher -- -j16 -l16
[0.565s] DEBUG:colcon.colcon_core.event_handler.log_command:Invoking command in '/home/michel/ros2_ws/build/cpp_publisher': CMAKE_PREFIX_PATH=/opt/ros/humble /usr/bin/cmake --install /home/michel/ros2_ws/build/cpp_publisher
[0.574s] Level 1:colcon.colcon_core.environment:create_environment_scripts_only(cpp_publisher)
[0.574s] DEBUG:colcon.colcon_core.event_handler.log_command:Invoked command in '/home/michel/ros2_ws/build/cpp_publisher' returned '0': CMAKE_PREFIX_PATH=/opt/ros/humble /usr/bin/cmake --install /home/michel/ros2_ws/build/cpp_publisher
[0.577s] Level 1:colcon.colcon_core.environment:checking '/home/michel/ros2_ws/install/cpp_publisher' for CMake module files
[0.577s] Level 1:colcon.colcon_core.environment:checking '/home/michel/ros2_ws/install/cpp_publisher' for CMake config files
[0.577s] Level 1:colcon.colcon_core.shell:create_environment_hook('cpp_publisher', 'cmake_prefix_path')
[0.578s] INFO:colcon.colcon_core.shell:Creating environment hook '/home/michel/ros2_ws/install/cpp_publisher/share/cpp_publisher/hook/cmake_prefix_path.ps1'
[0.579s] INFO:colcon.colcon_core.shell:Creating environment descriptor '/home/michel/ros2_ws/install/cpp_publisher/share/cpp_publisher/hook/cmake_prefix_path.dsv'
[0.579s] INFO:colcon.colcon_core.shell:Creating environment hook '/home/michel/ros2_ws/install/cpp_publisher/share/cpp_publisher/hook/cmake_prefix_path.sh'
[0.579s] Level 1:colcon.colcon_core.environment:checking '/home/michel/ros2_ws/install/cpp_publisher/lib'
[0.580s] Level 1:colcon.colcon_core.environment:checking '/home/michel/ros2_ws/install/cpp_publisher/bin'
[0.580s] Level 1:colcon.colcon_core.environment:checking '/home/michel/ros2_ws/install/cpp_publisher/lib/pkgconfig/cpp_publisher.pc'
[0.580s] Level 1:colcon.colcon_core.environment:checking '/home/michel/ros2_ws/install/cpp_publisher/lib/python3.10/site-packages'
[0.580s] Level 1:colcon.colcon_core.environment:checking '/home/michel/ros2_ws/install/cpp_publisher/bin'
[0.581s] INFO:colcon.colcon_core.shell:Creating package script '/home/michel/ros2_ws/install/cpp_publisher/share/cpp_publisher/package.ps1'
[0.582s] INFO:colcon.colcon_core.shell:Creating package descriptor '/home/michel/ros2_ws/install/cpp_publisher/share/cpp_publisher/package.dsv'
[0.582s] INFO:colcon.colcon_core.shell:Creating package script '/home/michel/ros2_ws/install/cpp_publisher/share/cpp_publisher/package.sh'
[0.582s] INFO:colcon.colcon_core.shell:Creating package script '/home/michel/ros2_ws/install/cpp_publisher/share/cpp_publisher/package.bash'
[0.583s] INFO:colcon.colcon_core.shell:Creating package script '/home/michel/ros2_ws/install/cpp_publisher/share/cpp_publisher/package.zsh'
[0.583s] Level 1:colcon.colcon_core.environment:create_file_with_runtime_dependencies(/home/michel/ros2_ws/install/cpp_publisher/share/colcon-core/packages/cpp_publisher)
[0.609s] Level 1:colcon.colcon_core.environment:create_environment_scripts_only(cpp_publisher)
[0.610s] Level 1:colcon.colcon_core.environment:checking '/home/michel/ros2_ws/install/cpp_publisher' for CMake module files
[0.611s] Level 1:colcon.colcon_core.environment:checking '/home/michel/ros2_ws/install/cpp_publisher' for CMake config files
[0.611s] Level 1:colcon.colcon_core.shell:create_environment_hook('cpp_publisher', 'cmake_prefix_path')
[0.612s] INFO:colcon.colcon_core.shell:Creating environment hook '/home/michel/ros2_ws/install/cpp_publisher/share/cpp_publisher/hook/cmake_prefix_path.ps1'
[0.612s] INFO:colcon.colcon_core.shell:Creating environment descriptor '/home/michel/ros2_ws/install/cpp_publisher/share/cpp_publisher/hook/cmake_prefix_path.dsv'
[0.612s] INFO:colcon.colcon_core.shell:Creating environment hook '/home/michel/ros2_ws/install/cpp_publisher/share/cpp_publisher/hook/cmake_prefix_path.sh'
[0.612s] Level 1:colcon.colcon_core.environment:checking '/home/michel/ros2_ws/install/cpp_publisher/lib'
[0.612s] Level 1:colcon.colcon_core.environment:checking '/home/michel/ros2_ws/install/cpp_publisher/bin'
[0.613s] Level 1:colcon.colcon_core.environment:checking '/home/michel/ros2_ws/install/cpp_publisher/lib/pkgconfig/cpp_publisher.pc'
[0.613s] Level 1:colcon.colcon_core.environment:checking '/home/michel/ros2_ws/install/cpp_publisher/lib/python3.10/site-packages'
[0.613s] Level 1:colcon.colcon_core.environment:checking '/home/michel/ros2_ws/install/cpp_publisher/bin'
[0.614s] INFO:colcon.colcon_core.shell:Creating package script '/home/michel/ros2_ws/install/cpp_publisher/share/cpp_publisher/package.ps1'
[0.614s] INFO:colcon.colcon_core.shell:Creating package descriptor '/home/michel/ros2_ws/install/cpp_publisher/share/cpp_publisher/package.dsv'
[0.614s] INFO:colcon.colcon_core.shell:Creating package script '/home/michel/ros2_ws/install/cpp_publisher/share/cpp_publisher/package.sh'
[0.615s] INFO:colcon.colcon_core.shell:Creating package script '/home/michel/ros2_ws/install/cpp_publisher/share/cpp_publisher/package.bash'
[0.615s] INFO:colcon.colcon_core.shell:Creating package script '/home/michel/ros2_ws/install/cpp_publisher/share/cpp_publisher/package.zsh'
[0.615s] Level 1:colcon.colcon_core.environment:create_file_with_runtime_dependencies(/home/michel/ros2_ws/install/cpp_publisher/share/colcon-core/packages/cpp_publisher)
[0.775s] DEBUG:colcon.colcon_core.event_handler.log_command:Invoking command in '/home/michel/ros2_ws/src/py_subscriber': PYTHONPATH=/home/michel/ros2_ws/build/py_subscriber/prefix_override:/home/michel/ros2_ws/install/py_subscriber/lib/python3.10/site-packages:${PYTHONPATH} /usr/bin/python3 setup.py egg_info --egg-base ../../build/py_subscriber build --build-base /home/michel/ros2_ws/build/py_subscriber/build install --record /home/michel/ros2_ws/build/py_subscriber/install.log --single-version-externally-managed
[0.990s] Level 1:colcon.colcon_core.environment:checking '/home/michel/ros2_ws/install/py_subscriber' for CMake module files
[0.991s] DEBUG:colcon.colcon_core.event_handler.log_command:Invoked command in '/home/michel/ros2_ws/src/py_subscriber' returned '0': PYTHONPATH=/home/michel/ros2_ws/build/py_subscriber/prefix_override:/home/michel/ros2_ws/install/py_subscriber/lib/python3.10/site-packages:${PYTHONPATH} /usr/bin/python3 setup.py egg_info --egg-base ../../build/py_subscriber build --build-base /home/michel/ros2_ws/build/py_subscriber/build install --record /home/michel/ros2_ws/build/py_subscriber/install.log --single-version-externally-managed
[0.992s] Level 1:colcon.colcon_core.environment:checking '/home/michel/ros2_ws/install/py_subscriber' for CMake config files
[0.993s] Level 1:colcon.colcon_core.environment:checking '/home/michel/ros2_ws/install/py_subscriber/lib'
[0.993s] Level 1:colcon.colcon_core.environment:checking '/home/michel/ros2_ws/install/py_subscriber/bin'
[0.993s] Level 1:colcon.colcon_core.environment:checking '/home/michel/ros2_ws/install/py_subscriber/lib/pkgconfig/py_subscriber.pc'
[0.993s] Level 1:colcon.colcon_core.environment:checking '/home/michel/ros2_ws/install/py_subscriber/lib/python3.10/site-packages'
[0.994s] Level 1:colcon.colcon_core.shell:create_environment_hook('py_subscriber', 'pythonpath')
[0.996s] INFO:colcon.colcon_core.shell:Creating environment hook '/home/michel/ros2_ws/install/py_subscriber/share/py_subscriber/hook/pythonpath.ps1'
[0.997s] INFO:colcon.colcon_core.shell:Creating environment descriptor '/home/michel/ros2_ws/install/py_subscriber/share/py_subscriber/hook/pythonpath.dsv'
[0.997s] INFO:colcon.colcon_core.shell:Creating environment hook '/home/michel/ros2_ws/install/py_subscriber/share/py_subscriber/hook/pythonpath.sh'
[0.998s] Level 1:colcon.colcon_core.environment:checking '/home/michel/ros2_ws/install/py_subscriber/bin'
[0.998s] Level 1:colcon.colcon_core.environment:create_environment_scripts_only(py_subscriber)
[1.001s] INFO:colcon.colcon_core.shell:Creating package script '/home/michel/ros2_ws/install/py_subscriber/share/py_subscriber/package.ps1'
[1.002s] INFO:colcon.colcon_core.shell:Creating package descriptor '/home/michel/ros2_ws/install/py_subscriber/share/py_subscriber/package.dsv'
[1.003s] INFO:colcon.colcon_core.shell:Creating package script '/home/michel/ros2_ws/install/py_subscriber/share/py_subscriber/package.sh'
[1.003s] INFO:colcon.colcon_core.shell:Creating package script '/home/michel/ros2_ws/install/py_subscriber/share/py_subscriber/package.bash'
[1.004s] INFO:colcon.colcon_core.shell:Creating package script '/home/michel/ros2_ws/install/py_subscriber/share/py_subscriber/package.zsh'
[1.004s] Level 1:colcon.colcon_core.environment:create_file_with_runtime_dependencies(/home/michel/ros2_ws/install/py_subscriber/share/colcon-core/packages/py_subscriber)
[1.005s] DEBUG:colcon.colcon_parallel_executor.executor.parallel:closing loop
[1.005s] DEBUG:colcon.colcon_parallel_executor.executor.parallel:loop closed
[1.006s] DEBUG:colcon.colcon_parallel_executor.executor.parallel:run_until_complete finished with '0'
[1.006s] DEBUG:colcon.colcon_core.event_reactor:joining thread
[1.015s] INFO:colcon.colcon_core.plugin_system:Skipping extension 'colcon_notification.desktop_notification.terminal_notifier': Not used on non-Darwin systems
[1.015s] INFO:colcon.colcon_core.plugin_system:Skipping extension 'colcon_notification.desktop_notification.win32': Not used on non-Windows systems
[1.015s] INFO:colcon.colcon_notification.desktop_notification:Sending desktop notification using 'notify2'
[1.037s] DEBUG:colcon.colcon_core.event_reactor:joined thread
[1.040s] INFO:colcon.colcon_core.shell:Creating prefix script '/home/michel/ros2_ws/install/local_setup.ps1'
[1.042s] INFO:colcon.colcon_core.shell:Creating prefix util module '/home/michel/ros2_ws/install/_local_setup_util_ps1.py'
[1.045s] INFO:colcon.colcon_core.shell:Creating prefix chain script '/home/michel/ros2_ws/install/setup.ps1'
[1.047s] INFO:colcon.colcon_core.shell:Creating prefix script '/home/michel/ros2_ws/install/local_setup.sh'
[1.049s] INFO:colcon.colcon_core.shell:Creating prefix util module '/home/michel/ros2_ws/install/_local_setup_util_sh.py'
[1.050s] INFO:colcon.colcon_core.shell:Creating prefix chain script '/home/michel/ros2_ws/install/setup.sh'
[1.053s] INFO:colcon.colcon_core.shell:Creating prefix script '/home/michel/ros2_ws/install/local_setup.bash'
[1.054s] INFO:colcon.colcon_core.shell:Creating prefix chain script '/home/michel/ros2_ws/install/setup.bash'
[1.056s] INFO:colcon.colcon_core.shell:Creating prefix script '/home/michel/ros2_ws/install/local_setup.zsh'
[1.057s] INFO:colcon.colcon_core.shell:Creating prefix chain script '/home/michel/ros2_ws/install/setup.zsh'
