[0.011s] Invoking command in '/home/michel/ros2_ws/build/cpp_publisher': CMAKE_PREFIX_PATH=/opt/ros/humble /usr/bin/cmake /home/michel/ros2_ws/src/cpp_publisher -DCMAKE_INSTALL_PREFIX=/home/michel/ros2_ws/install/cpp_publisher
[0.053s] -- The C compiler identification is GNU 11.4.0
[0.096s] -- The CXX compiler identification is GNU 11.4.0
[0.102s] -- Detecting C compiler ABI info
[0.158s] -- Detecting C compiler ABI info - done
[0.164s] -- Check for working C compiler: /usr/bin/cc - skipped
[0.165s] -- Detecting C compile features
[0.165s] -- Detecting C compile features - done
[0.167s] -- Detecting CXX compiler ABI info
[0.228s] -- Detecting CXX compiler ABI info - done
[0.245s] -- Check for working CXX compiler: /usr/bin/c++ - skipped
[0.245s] -- Detecting CXX compile features
[0.246s] -- Detecting CXX compile features - done
[0.249s] -- Found ament_cmake: 1.3.5 (/opt/ros/humble/share/ament_cmake/cmake)
[0.375s] -- Found Python3: /usr/bin/python3.10 (found version "3.10.12") found components: Interpreter 
[0.461s] -- Found rclcpp: 16.0.5 (/opt/ros/humble/share/rclcpp/cmake)
[0.492s] -- Found rosidl_generator_c: 3.1.5 (/opt/ros/humble/share/rosidl_generator_c/cmake)
[0.495s] -- Found rosidl_adapter: 3.1.5 (/opt/ros/humble/share/rosidl_adapter/cmake)
[0.501s] -- Found rosidl_generator_cpp: 3.1.5 (/opt/ros/humble/share/rosidl_generator_cpp/cmake)
[0.511s] -- Using all available rosidl_typesupport_c: rosidl_typesupport_fastrtps_c;rosidl_typesupport_introspection_c
[0.526s] -- Using all available rosidl_typesupport_cpp: rosidl_typesupport_fastrtps_cpp;rosidl_typesupport_introspection_cpp
[0.578s] -- Found rmw_implementation_cmake: 6.1.1 (/opt/ros/humble/share/rmw_implementation_cmake/cmake)
[0.580s] -- Found rmw_fastrtps_cpp: 6.2.3 (/opt/ros/humble/share/rmw_fastrtps_cpp/cmake)
[0.675s] -- Found OpenSSL: /usr/lib/x86_64-linux-gnu/libcrypto.so (found version "3.0.2")  
[0.696s] -- Found FastRTPS: /opt/ros/humble/include  
[0.733s] -- Using RMW implementation 'rmw_fastrtps_cpp' as default
[0.739s] -- Looking for pthread.h
[0.798s] -- Looking for pthread.h - found
[0.798s] -- Performing Test CMAKE_HAVE_LIBC_PTHREAD
[0.853s] -- Performing Test CMAKE_HAVE_LIBC_PTHREAD - Success
[0.853s] -- Found Threads: TRUE  
[0.982s] -- Found ament_lint_auto: 0.12.7 (/opt/ros/humble/share/ament_lint_auto/cmake)
[1.036s] -- Added test 'cppcheck' to perform static code analysis on C / C++ code
[1.036s] -- Configured cppcheck include dirs: 
[1.036s] -- Configured cppcheck exclude dirs and/or files: 
[1.036s] -- Added test 'lint_cmake' to check CMake code style
[1.037s] -- Added test 'uncrustify' to check C / C++ code style
[1.037s] -- Configured uncrustify additional arguments: 
[1.037s] -- Added test 'xmllint' to check XML markup files
[1.038s] -- Configuring done
[1.044s] -- Generating done
[1.045s] -- Build files have been written to: /home/michel/ros2_ws/build/cpp_publisher
[1.052s] Invoked command in '/home/michel/ros2_ws/build/cpp_publisher' returned '0': CMAKE_PREFIX_PATH=/opt/ros/humble /usr/bin/cmake /home/michel/ros2_ws/src/cpp_publisher -DCMAKE_INSTALL_PREFIX=/home/michel/ros2_ws/install/cpp_publisher
[1.055s] Invoking command in '/home/michel/ros2_ws/build/cpp_publisher': CMAKE_PREFIX_PATH=/opt/ros/humble /usr/bin/cmake --build /home/michel/ros2_ws/build/cpp_publisher -- -j16 -l16
[1.095s] [ 50%] [32mBuilding CXX object CMakeFiles/talker.dir/src/publisher_code.cpp.o[0m
[4.194s] [100%] [32m[1mLinking CXX executable talker[0m
[4.360s] [100%] Built target talker
[4.369s] Invoked command in '/home/michel/ros2_ws/build/cpp_publisher' returned '0': CMAKE_PREFIX_PATH=/opt/ros/humble /usr/bin/cmake --build /home/michel/ros2_ws/build/cpp_publisher -- -j16 -l16
[4.395s] Invoking command in '/home/michel/ros2_ws/build/cpp_publisher': CMAKE_PREFIX_PATH=/opt/ros/humble /usr/bin/cmake --install /home/michel/ros2_ws/build/cpp_publisher
[4.401s] -- Install configuration: ""
[4.401s] -- Installing: /home/michel/ros2_ws/install/cpp_publisher/lib/cpp_publisher/talker
[4.402s] -- Set runtime path of "/home/michel/ros2_ws/install/cpp_publisher/lib/cpp_publisher/talker" to ""
[4.402s] -- Installing: /home/michel/ros2_ws/install/cpp_publisher/share/ament_index/resource_index/package_run_dependencies/cpp_publisher
[4.402s] -- Installing: /home/michel/ros2_ws/install/cpp_publisher/share/ament_index/resource_index/parent_prefix_path/cpp_publisher
[4.402s] -- Installing: /home/michel/ros2_ws/install/cpp_publisher/share/cpp_publisher/environment/ament_prefix_path.sh
[4.403s] -- Installing: /home/michel/ros2_ws/install/cpp_publisher/share/cpp_publisher/environment/ament_prefix_path.dsv
[4.403s] -- Installing: /home/michel/ros2_ws/install/cpp_publisher/share/cpp_publisher/environment/path.sh
[4.403s] -- Installing: /home/michel/ros2_ws/install/cpp_publisher/share/cpp_publisher/environment/path.dsv
[4.403s] -- Installing: /home/michel/ros2_ws/install/cpp_publisher/share/cpp_publisher/local_setup.bash
[4.403s] -- Installing: /home/michel/ros2_ws/install/cpp_publisher/share/cpp_publisher/local_setup.sh
[4.403s] -- Installing: /home/michel/ros2_ws/install/cpp_publisher/share/cpp_publisher/local_setup.zsh
[4.403s] -- Installing: /home/michel/ros2_ws/install/cpp_publisher/share/cpp_publisher/local_setup.dsv
[4.403s] -- Installing: /home/michel/ros2_ws/install/cpp_publisher/share/cpp_publisher/package.dsv
[4.403s] -- Installing: /home/michel/ros2_ws/install/cpp_publisher/share/ament_index/resource_index/packages/cpp_publisher
[4.403s] -- Installing: /home/michel/ros2_ws/install/cpp_publisher/share/cpp_publisher/cmake/cpp_publisherConfig.cmake
[4.403s] -- Installing: /home/michel/ros2_ws/install/cpp_publisher/share/cpp_publisher/cmake/cpp_publisherConfig-version.cmake
[4.403s] -- Installing: /home/michel/ros2_ws/install/cpp_publisher/share/cpp_publisher/package.xml
[4.405s] Invoked command in '/home/michel/ros2_ws/build/cpp_publisher' returned '0': CMAKE_PREFIX_PATH=/opt/ros/humble /usr/bin/cmake --install /home/michel/ros2_ws/build/cpp_publisher
